<?xml version="1.0" encoding="UTF-8"?>
<testsuite name="유저 서비스 테스트" tests="4" skipped="0" failures="0" errors="0" timestamp="2023-05-03T03:19:26" hostname="Yangui-MacBookPro.local" time="0.115">
  <properties/>
  <testcase name="유저 저장 테스트" classname="com.group.libraryapp.service.user.UserServiceTest" time="0.035"/>
  <testcase name="유저 업데이트 테스트" classname="com.group.libraryapp.service.user.UserServiceTest" time="0.018"/>
  <testcase name="유저 조회 테스트" classname="com.group.libraryapp.service.user.UserServiceTest" time="0.027"/>
  <testcase name="유저 삭제 테스트" classname="com.group.libraryapp.service.user.UserServiceTest" time="0.028"/>
  <system-out><![CDATA[2023-05-03 12:19:25.961  INFO 3390 --- [    Test worker] .b.t.c.SpringBootTestContextBootstrapper : Neither @ContextConfiguration nor @ContextHierarchy found for test class [com.group.libraryapp.service.user.UserServiceTest], using SpringBootContextLoader
2023-05-03 12:19:25.965  INFO 3390 --- [    Test worker] o.s.t.c.support.AbstractContextLoader    : Could not detect default resource locations for test class [com.group.libraryapp.service.user.UserServiceTest]: no resource found for suffixes {-context.xml, Context.groovy}.
2023-05-03 12:19:25.967  INFO 3390 --- [    Test worker] t.c.s.AnnotationConfigContextLoaderUtils : Could not detect default configuration classes for test class [com.group.libraryapp.service.user.UserServiceTest]: UserServiceTest does not declare any static, non-private, non-final, nested classes annotated with @Configuration.
2023-05-03 12:19:25.985  INFO 3390 --- [    Test worker] .b.t.c.SpringBootTestContextBootstrapper : Found @SpringBootConfiguration com.group.libraryapp.LibraryAppApplication for test class com.group.libraryapp.service.user.UserServiceTest
2023-05-03 12:19:25.990  INFO 3390 --- [    Test worker] .b.t.c.SpringBootTestContextBootstrapper : Loaded default TestExecutionListener class names from location [META-INF/spring.factories]: [org.springframework.boot.test.autoconfigure.restdocs.RestDocsTestExecutionListener, org.springframework.boot.test.autoconfigure.web.client.MockRestServiceServerResetTestExecutionListener, org.springframework.boot.test.autoconfigure.web.servlet.MockMvcPrintOnlyOnFailureTestExecutionListener, org.springframework.boot.test.autoconfigure.web.servlet.WebDriverTestExecutionListener, org.springframework.boot.test.autoconfigure.webservices.client.MockWebServiceServerTestExecutionListener, org.springframework.boot.test.mock.mockito.MockitoTestExecutionListener, org.springframework.boot.test.mock.mockito.ResetMocksTestExecutionListener, org.springframework.test.context.web.ServletTestExecutionListener, org.springframework.test.context.support.DirtiesContextBeforeModesTestExecutionListener, org.springframework.test.context.event.ApplicationEventsTestExecutionListener, org.springframework.test.context.support.DependencyInjectionTestExecutionListener, org.springframework.test.context.support.DirtiesContextTestExecutionListener, org.springframework.test.context.transaction.TransactionalTestExecutionListener, org.springframework.test.context.jdbc.SqlScriptsTestExecutionListener, org.springframework.test.context.event.EventPublishingTestExecutionListener]
2023-05-03 12:19:25.991  INFO 3390 --- [    Test worker] .b.t.c.SpringBootTestContextBootstrapper : Using TestExecutionListeners: [org.springframework.test.context.web.ServletTestExecutionListener@533165e7, org.springframework.test.context.support.DirtiesContextBeforeModesTestExecutionListener@324e62e2, org.springframework.test.context.event.ApplicationEventsTestExecutionListener@1018552d, org.springframework.boot.test.mock.mockito.MockitoTestExecutionListener@75eca6d8, org.springframework.boot.test.autoconfigure.SpringBootDependencyInjectionTestExecutionListener@2d2afbdf, org.springframework.test.context.support.DirtiesContextTestExecutionListener@6cb2d5ea, org.springframework.test.context.transaction.TransactionalTestExecutionListener@3ed1446c, org.springframework.test.context.jdbc.SqlScriptsTestExecutionListener@2e9bff08, org.springframework.test.context.event.EventPublishingTestExecutionListener@54151d07, org.springframework.boot.test.autoconfigure.restdocs.RestDocsTestExecutionListener@2e729fea, org.springframework.boot.test.autoconfigure.web.client.MockRestServiceServerResetTestExecutionListener@1a345c6c, org.springframework.boot.test.autoconfigure.web.servlet.MockMvcPrintOnlyOnFailureTestExecutionListener@6b26839d, org.springframework.boot.test.autoconfigure.web.servlet.WebDriverTestExecutionListener@17a756db, org.springframework.boot.test.autoconfigure.webservices.client.MockWebServiceServerTestExecutionListener@2d10160a, org.springframework.boot.test.mock.mockito.ResetMocksTestExecutionListener@157ff8f8]
Hibernate: 
    insert 
    into
        user
        (id, age, name) 
    values
        (default, ?, ?)
Hibernate: 
    select
        user0_.id as id1_3_,
        user0_.age as age2_3_,
        user0_.name as name3_3_ 
    from
        user user0_
Hibernate: 
    select
        user0_.id as id1_3_,
        user0_.age as age2_3_,
        user0_.name as name3_3_ 
    from
        user user0_
Hibernate: 
    select
        userloanhi0_.user_id as user_id4_4_0_,
        userloanhi0_.id as id1_4_0_,
        userloanhi0_.id as id1_4_1_,
        userloanhi0_.book_name as book_nam2_4_1_,
        userloanhi0_.is_return as is_retur3_4_1_,
        userloanhi0_.user_id as user_id4_4_1_ 
    from
        user_loan_history userloanhi0_ 
    where
        userloanhi0_.user_id=?
Hibernate: 
    delete 
    from
        user 
    where
        id=?
Hibernate: 
    insert 
    into
        user
        (id, age, name) 
    values
        (default, ?, ?)
Hibernate: 
    select
        user0_.id as id1_3_0_,
        user0_.age as age2_3_0_,
        user0_.name as name3_3_0_ 
    from
        user user0_ 
    where
        user0_.id=?
Hibernate: 
    update
        user 
    set
        age=?,
        name=? 
    where
        id=?
Hibernate: 
    select
        user0_.id as id1_3_,
        user0_.age as age2_3_,
        user0_.name as name3_3_ 
    from
        user user0_
Hibernate: 
    select
        user0_.id as id1_3_,
        user0_.age as age2_3_,
        user0_.name as name3_3_ 
    from
        user user0_
Hibernate: 
    select
        userloanhi0_.user_id as user_id4_4_0_,
        userloanhi0_.id as id1_4_0_,
        userloanhi0_.id as id1_4_1_,
        userloanhi0_.book_name as book_nam2_4_1_,
        userloanhi0_.is_return as is_retur3_4_1_,
        userloanhi0_.user_id as user_id4_4_1_ 
    from
        user_loan_history userloanhi0_ 
    where
        userloanhi0_.user_id=?
Hibernate: 
    delete 
    from
        user 
    where
        id=?
Hibernate: 
    insert 
    into
        user
        (id, age, name) 
    values
        (default, ?, ?)
Hibernate: 
    insert 
    into
        user
        (id, age, name) 
    values
        (default, ?, ?)
Hibernate: 
    select
        user0_.id as id1_3_,
        user0_.age as age2_3_,
        user0_.name as name3_3_ 
    from
        user user0_
Hibernate: 
    select
        user0_.id as id1_3_,
        user0_.age as age2_3_,
        user0_.name as name3_3_ 
    from
        user user0_
Hibernate: 
    select
        userloanhi0_.user_id as user_id4_4_0_,
        userloanhi0_.id as id1_4_0_,
        userloanhi0_.id as id1_4_1_,
        userloanhi0_.book_name as book_nam2_4_1_,
        userloanhi0_.is_return as is_retur3_4_1_,
        userloanhi0_.user_id as user_id4_4_1_ 
    from
        user_loan_history userloanhi0_ 
    where
        userloanhi0_.user_id=?
Hibernate: 
    select
        userloanhi0_.user_id as user_id4_4_0_,
        userloanhi0_.id as id1_4_0_,
        userloanhi0_.id as id1_4_1_,
        userloanhi0_.book_name as book_nam2_4_1_,
        userloanhi0_.is_return as is_retur3_4_1_,
        userloanhi0_.user_id as user_id4_4_1_ 
    from
        user_loan_history userloanhi0_ 
    where
        userloanhi0_.user_id=?
Hibernate: 
    delete 
    from
        user 
    where
        id=?
Hibernate: 
    delete 
    from
        user 
    where
        id=?
Hibernate: 
    insert 
    into
        user
        (id, age, name) 
    values
        (default, ?, ?)
Hibernate: 
    select
        user0_.id as id1_3_,
        user0_.age as age2_3_,
        user0_.name as name3_3_ 
    from
        user user0_ 
    where
        user0_.name=?
Hibernate: 
    select
        userloanhi0_.user_id as user_id4_4_0_,
        userloanhi0_.id as id1_4_0_,
        userloanhi0_.id as id1_4_1_,
        userloanhi0_.book_name as book_nam2_4_1_,
        userloanhi0_.is_return as is_retur3_4_1_,
        userloanhi0_.user_id as user_id4_4_1_ 
    from
        user_loan_history userloanhi0_ 
    where
        userloanhi0_.user_id=?
Hibernate: 
    delete 
    from
        user 
    where
        id=?
Hibernate: 
    select
        user0_.id as id1_3_,
        user0_.age as age2_3_,
        user0_.name as name3_3_ 
    from
        user user0_
Hibernate: 
    select
        user0_.id as id1_3_,
        user0_.age as age2_3_,
        user0_.name as name3_3_ 
    from
        user user0_
]]></system-out>
  <system-err><![CDATA[]]></system-err>
</testsuite>
