<?xml version="1.0" encoding="UTF-8"?>
<testsuite name="책 서비스 테스트" tests="4" skipped="0" failures="0" errors="0" timestamp="2023-05-03T03:19:25" hostname="Yangui-MacBookPro.local" time="0.581">
  <properties/>
  <testcase name="책 대출 성공 테스트" classname="com.group.libraryapp.service.book.BookServiceTest" time="0.381"/>
  <testcase name="책 대출 실패 테스트(이미 대출 상태)" classname="com.group.libraryapp.service.book.BookServiceTest" time="0.125"/>
  <testcase name="책 반납 테스트" classname="com.group.libraryapp.service.book.BookServiceTest" time="0.04"/>
  <testcase name="책 저장 테스트" classname="com.group.libraryapp.service.book.BookServiceTest" time="0.019"/>
  <system-out><![CDATA[2023-05-03 12:19:25.235  INFO 3390 --- [    Test worker] .b.t.c.SpringBootTestContextBootstrapper : Neither @ContextConfiguration nor @ContextHierarchy found for test class [com.group.libraryapp.service.book.BookServiceTest], using SpringBootContextLoader
2023-05-03 12:19:25.241  INFO 3390 --- [    Test worker] o.s.t.c.support.AbstractContextLoader    : Could not detect default resource locations for test class [com.group.libraryapp.service.book.BookServiceTest]: no resource found for suffixes {-context.xml, Context.groovy}.
2023-05-03 12:19:25.242  INFO 3390 --- [    Test worker] t.c.s.AnnotationConfigContextLoaderUtils : Could not detect default configuration classes for test class [com.group.libraryapp.service.book.BookServiceTest]: BookServiceTest does not declare any static, non-private, non-final, nested classes annotated with @Configuration.
2023-05-03 12:19:25.276  INFO 3390 --- [    Test worker] .b.t.c.SpringBootTestContextBootstrapper : Found @SpringBootConfiguration com.group.libraryapp.LibraryAppApplication for test class com.group.libraryapp.service.book.BookServiceTest
2023-05-03 12:19:25.289  INFO 3390 --- [    Test worker] .b.t.c.SpringBootTestContextBootstrapper : Loaded default TestExecutionListener class names from location [META-INF/spring.factories]: [org.springframework.boot.test.autoconfigure.restdocs.RestDocsTestExecutionListener, org.springframework.boot.test.autoconfigure.web.client.MockRestServiceServerResetTestExecutionListener, org.springframework.boot.test.autoconfigure.web.servlet.MockMvcPrintOnlyOnFailureTestExecutionListener, org.springframework.boot.test.autoconfigure.web.servlet.WebDriverTestExecutionListener, org.springframework.boot.test.autoconfigure.webservices.client.MockWebServiceServerTestExecutionListener, org.springframework.boot.test.mock.mockito.MockitoTestExecutionListener, org.springframework.boot.test.mock.mockito.ResetMocksTestExecutionListener, org.springframework.test.context.web.ServletTestExecutionListener, org.springframework.test.context.support.DirtiesContextBeforeModesTestExecutionListener, org.springframework.test.context.event.ApplicationEventsTestExecutionListener, org.springframework.test.context.support.DependencyInjectionTestExecutionListener, org.springframework.test.context.support.DirtiesContextTestExecutionListener, org.springframework.test.context.transaction.TransactionalTestExecutionListener, org.springframework.test.context.jdbc.SqlScriptsTestExecutionListener, org.springframework.test.context.event.EventPublishingTestExecutionListener]
2023-05-03 12:19:25.292  INFO 3390 --- [    Test worker] .b.t.c.SpringBootTestContextBootstrapper : Using TestExecutionListeners: [org.springframework.test.context.web.ServletTestExecutionListener@5257123d, org.springframework.test.context.support.DirtiesContextBeforeModesTestExecutionListener@261c5d1f, org.springframework.test.context.event.ApplicationEventsTestExecutionListener@570089c4, org.springframework.boot.test.mock.mockito.MockitoTestExecutionListener@409df37d, org.springframework.boot.test.autoconfigure.SpringBootDependencyInjectionTestExecutionListener@2ab1c7a9, org.springframework.test.context.support.DirtiesContextTestExecutionListener@6e818345, org.springframework.test.context.transaction.TransactionalTestExecutionListener@3d9c69f8, org.springframework.test.context.jdbc.SqlScriptsTestExecutionListener@1235732d, org.springframework.test.context.event.EventPublishingTestExecutionListener@369d624d, org.springframework.boot.test.autoconfigure.restdocs.RestDocsTestExecutionListener@54644470, org.springframework.boot.test.autoconfigure.web.client.MockRestServiceServerResetTestExecutionListener@a6924ad, org.springframework.boot.test.autoconfigure.web.servlet.MockMvcPrintOnlyOnFailureTestExecutionListener@33fc92d6, org.springframework.boot.test.autoconfigure.web.servlet.WebDriverTestExecutionListener@6e2e11ee, org.springframework.boot.test.autoconfigure.webservices.client.MockWebServiceServerTestExecutionListener@189f9f9f, org.springframework.boot.test.mock.mockito.ResetMocksTestExecutionListener@5b908c6d]
Hibernate: 
    insert 
    into
        book
        (id, name) 
    values
        (default, ?)
Hibernate: 
    insert 
    into
        user
        (id, age, name) 
    values
        (default, ?, ?)
Hibernate: 
    select
        book0_.id as id1_0_,
        book0_.name as name2_0_ 
    from
        book book0_ 
    where
        book0_.name=?
Hibernate: 
    select
        userloanhi0_.id as id1_4_,
        userloanhi0_.book_name as book_nam2_4_,
        userloanhi0_.is_return as is_retur3_4_,
        userloanhi0_.user_id as user_id4_4_ 
    from
        user_loan_history userloanhi0_ 
    where
        userloanhi0_.book_name=? 
        and userloanhi0_.is_return=?
Hibernate: 
    select
        user0_.id as id1_3_,
        user0_.age as age2_3_,
        user0_.name as name3_3_ 
    from
        user user0_ 
    where
        user0_.name=?
Hibernate: 
    insert 
    into
        user_loan_history
        (id, book_name, is_return, user_id) 
    values
        (default, ?, ?, ?)
Hibernate: 
    select
        userloanhi0_.id as id1_4_,
        userloanhi0_.book_name as book_nam2_4_,
        userloanhi0_.is_return as is_retur3_4_,
        userloanhi0_.user_id as user_id4_4_ 
    from
        user_loan_history userloanhi0_
Hibernate: 
    select
        user0_.id as id1_3_0_,
        user0_.age as age2_3_0_,
        user0_.name as name3_3_0_ 
    from
        user user0_ 
    where
        user0_.id=?
Hibernate: 
    select
        book0_.id as id1_0_,
        book0_.name as name2_0_ 
    from
        book book0_
Hibernate: 
    delete 
    from
        book 
    where
        id=?
Hibernate: 
    select
        user0_.id as id1_3_,
        user0_.age as age2_3_,
        user0_.name as name3_3_ 
    from
        user user0_
Hibernate: 
    select
        userloanhi0_.user_id as user_id4_4_0_,
        userloanhi0_.id as id1_4_0_,
        userloanhi0_.id as id1_4_1_,
        userloanhi0_.book_name as book_nam2_4_1_,
        userloanhi0_.is_return as is_retur3_4_1_,
        userloanhi0_.user_id as user_id4_4_1_ 
    from
        user_loan_history userloanhi0_ 
    where
        userloanhi0_.user_id=?
Hibernate: 
    delete 
    from
        user_loan_history 
    where
        id=?
Hibernate: 
    delete 
    from
        user 
    where
        id=?
Hibernate: 
    insert 
    into
        book
        (id, name) 
    values
        (default, ?)
Hibernate: 
    insert 
    into
        user
        (id, age, name) 
    values
        (default, ?, ?)
Hibernate: 
    insert 
    into
        user_loan_history
        (id, book_name, is_return, user_id) 
    values
        (default, ?, ?, ?)
Hibernate: 
    select
        book0_.id as id1_0_,
        book0_.name as name2_0_ 
    from
        book book0_ 
    where
        book0_.name=?
Hibernate: 
    select
        userloanhi0_.id as id1_4_,
        userloanhi0_.book_name as book_nam2_4_,
        userloanhi0_.is_return as is_retur3_4_,
        userloanhi0_.user_id as user_id4_4_ 
    from
        user_loan_history userloanhi0_ 
    where
        userloanhi0_.book_name=? 
        and userloanhi0_.is_return=?
Hibernate: 
    select
        user0_.id as id1_3_0_,
        user0_.age as age2_3_0_,
        user0_.name as name3_3_0_ 
    from
        user user0_ 
    where
        user0_.id=?
Hibernate: 
    select
        book0_.id as id1_0_,
        book0_.name as name2_0_ 
    from
        book book0_
Hibernate: 
    delete 
    from
        book 
    where
        id=?
Hibernate: 
    select
        user0_.id as id1_3_,
        user0_.age as age2_3_,
        user0_.name as name3_3_ 
    from
        user user0_
Hibernate: 
    select
        userloanhi0_.user_id as user_id4_4_0_,
        userloanhi0_.id as id1_4_0_,
        userloanhi0_.id as id1_4_1_,
        userloanhi0_.book_name as book_nam2_4_1_,
        userloanhi0_.is_return as is_retur3_4_1_,
        userloanhi0_.user_id as user_id4_4_1_ 
    from
        user_loan_history userloanhi0_ 
    where
        userloanhi0_.user_id=?
Hibernate: 
    delete 
    from
        user_loan_history 
    where
        id=?
Hibernate: 
    delete 
    from
        user 
    where
        id=?
Hibernate: 
    insert 
    into
        user
        (id, age, name) 
    values
        (default, ?, ?)
Hibernate: 
    insert 
    into
        user_loan_history
        (id, book_name, is_return, user_id) 
    values
        (default, ?, ?, ?)
Hibernate: 
    select
        user0_.id as id1_3_,
        user0_.age as age2_3_,
        user0_.name as name3_3_ 
    from
        user user0_ 
    where
        user0_.name=?
Hibernate: 
    select
        userloanhi0_.user_id as user_id4_4_0_,
        userloanhi0_.id as id1_4_0_,
        userloanhi0_.id as id1_4_1_,
        userloanhi0_.book_name as book_nam2_4_1_,
        userloanhi0_.is_return as is_retur3_4_1_,
        userloanhi0_.user_id as user_id4_4_1_ 
    from
        user_loan_history userloanhi0_ 
    where
        userloanhi0_.user_id=?
Hibernate: 
    update
        user_loan_history 
    set
        book_name=?,
        is_return=?,
        user_id=? 
    where
        id=?
Hibernate: 
    select
        userloanhi0_.id as id1_4_,
        userloanhi0_.book_name as book_nam2_4_,
        userloanhi0_.is_return as is_retur3_4_,
        userloanhi0_.user_id as user_id4_4_ 
    from
        user_loan_history userloanhi0_
Hibernate: 
    select
        user0_.id as id1_3_0_,
        user0_.age as age2_3_0_,
        user0_.name as name3_3_0_ 
    from
        user user0_ 
    where
        user0_.id=?
Hibernate: 
    select
        book0_.id as id1_0_,
        book0_.name as name2_0_ 
    from
        book book0_
Hibernate: 
    select
        user0_.id as id1_3_,
        user0_.age as age2_3_,
        user0_.name as name3_3_ 
    from
        user user0_
Hibernate: 
    select
        userloanhi0_.user_id as user_id4_4_0_,
        userloanhi0_.id as id1_4_0_,
        userloanhi0_.id as id1_4_1_,
        userloanhi0_.book_name as book_nam2_4_1_,
        userloanhi0_.is_return as is_retur3_4_1_,
        userloanhi0_.user_id as user_id4_4_1_ 
    from
        user_loan_history userloanhi0_ 
    where
        userloanhi0_.user_id=?
Hibernate: 
    delete 
    from
        user_loan_history 
    where
        id=?
Hibernate: 
    delete 
    from
        user 
    where
        id=?
Hibernate: 
    insert 
    into
        book
        (id, name) 
    values
        (default, ?)
Hibernate: 
    select
        book0_.id as id1_0_,
        book0_.name as name2_0_ 
    from
        book book0_
Hibernate: 
    select
        book0_.id as id1_0_,
        book0_.name as name2_0_ 
    from
        book book0_
Hibernate: 
    delete 
    from
        book 
    where
        id=?
Hibernate: 
    select
        user0_.id as id1_3_,
        user0_.age as age2_3_,
        user0_.name as name3_3_ 
    from
        user user0_
]]></system-out>
  <system-err><![CDATA[]]></system-err>
</testsuite>
